mode: set
github.com/sztyui/bookings/internal/handlers/handlers.go:32.62,37.2 1 0
github.com/sztyui/bookings/internal/handlers/handlers.go:40.51,45.2 1 1
github.com/sztyui/bookings/internal/handlers/handlers.go:48.33,50.2 1 1
github.com/sztyui/bookings/internal/handlers/handlers.go:53.67,55.2 1 1
github.com/sztyui/bookings/internal/handlers/handlers.go:58.68,61.2 1 1
github.com/sztyui/bookings/internal/handlers/handlers.go:64.74,66.9 2 1
github.com/sztyui/bookings/internal/handlers/handlers.go:72.2,73.16 2 1
github.com/sztyui/bookings/internal/handlers/handlers.go:78.2,96.4 10 1
github.com/sztyui/bookings/internal/handlers/handlers.go:66.9,70.3 3 1
github.com/sztyui/bookings/internal/handlers/handlers.go:73.16,77.3 3 1
github.com/sztyui/bookings/internal/handlers/handlers.go:100.71,109.16 7 0
github.com/sztyui/bookings/internal/handlers/handlers.go:114.2,122.63 4 0
github.com/sztyui/bookings/internal/handlers/handlers.go:109.16,112.3 2 0
github.com/sztyui/bookings/internal/handlers/handlers.go:126.78,128.9 2 1
github.com/sztyui/bookings/internal/handlers/handlers.go:133.2,134.16 2 0
github.com/sztyui/bookings/internal/handlers/handlers.go:141.2,152.19 9 0
github.com/sztyui/bookings/internal/handlers/handlers.go:163.2,164.16 2 0
github.com/sztyui/bookings/internal/handlers/handlers.go:170.2,180.16 4 0
github.com/sztyui/bookings/internal/handlers/handlers.go:186.2,187.66 2 0
github.com/sztyui/bookings/internal/handlers/handlers.go:128.9,132.3 3 1
github.com/sztyui/bookings/internal/handlers/handlers.go:134.16,139.3 4 0
github.com/sztyui/bookings/internal/handlers/handlers.go:152.19,161.3 4 0
github.com/sztyui/bookings/internal/handlers/handlers.go:164.16,168.3 3 0
github.com/sztyui/bookings/internal/handlers/handlers.go:180.16,184.3 3 0
github.com/sztyui/bookings/internal/handlers/handlers.go:191.71,193.2 1 1
github.com/sztyui/bookings/internal/handlers/handlers.go:196.69,198.2 1 1
github.com/sztyui/bookings/internal/handlers/handlers.go:201.75,203.2 1 1
github.com/sztyui/bookings/internal/handlers/handlers.go:207.79,213.16 5 0
github.com/sztyui/bookings/internal/handlers/handlers.go:217.2,218.16 2 0
github.com/sztyui/bookings/internal/handlers/handlers.go:223.2,224.16 2 0
github.com/sztyui/bookings/internal/handlers/handlers.go:229.2,229.21 1 0
github.com/sztyui/bookings/internal/handlers/handlers.go:236.2,248.4 5 0
github.com/sztyui/bookings/internal/handlers/handlers.go:213.16,216.3 2 0
github.com/sztyui/bookings/internal/handlers/handlers.go:218.16,221.3 2 0
github.com/sztyui/bookings/internal/handlers/handlers.go:224.16,227.3 2 0
github.com/sztyui/bookings/internal/handlers/handlers.go:229.21,234.3 3 0
github.com/sztyui/bookings/internal/handlers/handlers.go:261.79,269.16 7 0
github.com/sztyui/bookings/internal/handlers/handlers.go:273.2,274.16 2 0
github.com/sztyui/bookings/internal/handlers/handlers.go:278.2,287.16 3 0
github.com/sztyui/bookings/internal/handlers/handlers.go:292.2,293.14 2 0
github.com/sztyui/bookings/internal/handlers/handlers.go:269.16,272.3 2 0
github.com/sztyui/bookings/internal/handlers/handlers.go:274.16,277.3 2 0
github.com/sztyui/bookings/internal/handlers/handlers.go:287.16,290.3 2 0
github.com/sztyui/bookings/internal/handlers/handlers.go:297.70,299.2 1 1
github.com/sztyui/bookings/internal/handlers/handlers.go:302.81,304.9 2 0
github.com/sztyui/bookings/internal/handlers/handlers.go:311.2,324.4 7 0
github.com/sztyui/bookings/internal/handlers/handlers.go:304.9,309.3 4 0
github.com/sztyui/bookings/internal/handlers/handlers.go:328.73,330.16 2 0
github.com/sztyui/bookings/internal/handlers/handlers.go:334.2,335.9 2 0
github.com/sztyui/bookings/internal/handlers/handlers.go:339.2,341.63 3 0
github.com/sztyui/bookings/internal/handlers/handlers.go:330.16,333.3 2 0
github.com/sztyui/bookings/internal/handlers/handlers.go:335.9,338.3 2 0
